{"level":"info","message":"Request from ::1","timestamp":"9:00:52 AM"}
{"level":"info","message":"Request from ::1","timestamp":"9:04:41 AM"}
{"level":"info","message":"Request from ::1","timestamp":"9:05:51 AM"}
{"level":"info","message":"Request from ::1","timestamp":"9:05:57 AM"}
{"level":"verbose","message":"Get all todos for 5a29da3dec0cde269cab88fc","timestamp":"9:05:57 AM"}
{"level":"info","message":"Request from ::1","timestamp":"9:07:02 AM"}
{"level":"info","message":"Request from ::1","timestamp":"9:08:03 AM"}
{"level":"verbose","message":"Get all todos for 5a29da3dec0cde269cab88fc","timestamp":"9:08:03 AM"}
{"level":"info","message":"Request from ::1","timestamp":"9:08:26 AM"}
{"level":"verbose","message":"Get all todos for 5a29da3dec0cde269cab88fc","timestamp":"9:08:26 AM"}
{"level":"info","message":"Request from ::1","timestamp":"9:08:30 AM"}
{"level":"verbose","message":"Get all todos for 5a29da3dec0cde269cab88fc","timestamp":"9:08:30 AM"}
{"level":"info","message":"Request from ::1","timestamp":"9:08:53 AM"}
{"level":"info","message":"Request from ::1","timestamp":"9:09:29 AM"}
{"level":"verbose","message":"Get all todos for 5a29da3dec0cde269cab88fc","timestamp":"9:09:29 AM"}
{"level":"info","message":"Request from ::1","timestamp":"9:10:03 AM"}
{"level":"info","message":"Request from ::1","timestamp":"9:11:07 AM"}
{"level":"info","message":"Request from ::1","timestamp":"9:11:07 AM"}
{"level":"verbose","message":"Get all todos for 5a29da3dec0cde269cab88fc","timestamp":"9:11:07 AM"}
{"level":"info","message":"Request from ::1","timestamp":"9:11:26 AM"}
{"level":"info","message":"Request from ::1","timestamp":"9:12:03 AM"}
{"level":"info","message":"Loading Mongoose functionality","timestamp":"9:12:50 AM"}
{"level":"info","message":"Loading models","timestamp":"9:12:50 AM"}
{"level":"info","message":"Mongoose connected to the database","timestamp":"9:12:50 AM"}
{"level":"info","message":"Request from ::1","timestamp":"9:12:50 AM"}
{"level":"info","message":"Loading Mongoose functionality","timestamp":"9:12:59 AM"}
{"level":"info","message":"Loading models","timestamp":"9:12:59 AM"}
{"level":"info","message":"Mongoose connected to the database","timestamp":"9:12:59 AM"}
{"level":"info","message":"Loading Mongoose functionality","timestamp":"9:13:23 AM"}
{"level":"info","message":"Loading models","timestamp":"9:13:23 AM"}
{"level":"info","message":"Mongoose connected to the database","timestamp":"9:13:23 AM"}
{"level":"info","message":"Request from ::1","timestamp":"9:13:41 AM"}
{"level":"error","message":"ReferenceError: user is not defined\n    at C:\\Users\\~\\Documents\\ToDo\\Server\\app\\controllers\\todos.js:38:9\n    at Layer.handle [as handle_request] (C:\\Users\\~\\Documents\\ToDo\\node_modules\\express\\lib\\router\\layer.js:95:5)\n    at next (C:\\Users\\~\\Documents\\ToDo\\node_modules\\express\\lib\\router\\route.js:137:13)\n    at Route.dispatch (C:\\Users\\~\\Documents\\ToDo\\node_modules\\express\\lib\\router\\route.js:112:3)\n    at Layer.handle [as handle_request] (C:\\Users\\~\\Documents\\ToDo\\node_modules\\express\\lib\\router\\layer.js:95:5)\n    at C:\\Users\\~\\Documents\\ToDo\\node_modules\\express\\lib\\router\\index.js:281:22\n    at Function.process_params (C:\\Users\\~\\Documents\\ToDo\\node_modules\\express\\lib\\router\\index.js:335:12)\n    at next (C:\\Users\\~\\Documents\\ToDo\\node_modules\\express\\lib\\router\\index.js:275:10)\n    at Function.handle (C:\\Users\\~\\Documents\\ToDo\\node_modules\\express\\lib\\router\\index.js:174:3)\n    at router (C:\\Users\\~\\Documents\\ToDo\\node_modules\\express\\lib\\router\\index.js:47:12)\n    at Layer.handle [as handle_request] (C:\\Users\\~\\Documents\\ToDo\\node_modules\\express\\lib\\router\\layer.js:95:5)\n    at trim_prefix (C:\\Users\\~\\Documents\\ToDo\\node_modules\\express\\lib\\router\\index.js:317:13)\n    at C:\\Users\\~\\Documents\\ToDo\\node_modules\\express\\lib\\router\\index.js:284:7\n    at Function.process_params (C:\\Users\\~\\Documents\\ToDo\\node_modules\\express\\lib\\router\\index.js:335:12)\n    at next (C:\\Users\\~\\Documents\\ToDo\\node_modules\\express\\lib\\router\\index.js:275:10)\n    at urlencodedParser (C:\\Users\\~\\Documents\\ToDo\\node_modules\\body-parser\\lib\\types\\urlencoded.js:82:7)\n    at Layer.handle [as handle_request] (C:\\Users\\~\\Documents\\ToDo\\node_modules\\express\\lib\\router\\layer.js:95:5)\n    at trim_prefix (C:\\Users\\~\\Documents\\ToDo\\node_modules\\express\\lib\\router\\index.js:317:13)\n    at C:\\Users\\~\\Documents\\ToDo\\node_modules\\express\\lib\\router\\index.js:284:7\n    at Function.process_params (C:\\Users\\~\\Documents\\ToDo\\node_modules\\express\\lib\\router\\index.js:335:12)\n    at next (C:\\Users\\~\\Documents\\ToDo\\node_modules\\express\\lib\\router\\index.js:275:10)\n    at C:\\Users\\~\\Documents\\ToDo\\node_modules\\body-parser\\lib\\read.js:130:5","timestamp":"9:13:41 AM"}
{"level":"info","message":"Request from ::1","timestamp":"9:13:44 AM"}
{"level":"info","message":"Request from ::1","timestamp":"9:13:45 AM"}
{"level":"info","message":"Loading Mongoose functionality","timestamp":"9:14:45 AM"}
{"level":"info","message":"Loading models","timestamp":"9:14:45 AM"}
{"level":"info","message":"Mongoose connected to the database","timestamp":"9:14:45 AM"}
{"level":"info","message":"Loading Mongoose functionality","timestamp":"9:14:52 AM"}
{"level":"info","message":"Loading models","timestamp":"9:14:52 AM"}
{"level":"info","message":"Mongoose connected to the database","timestamp":"9:14:52 AM"}
{"level":"info","message":"Loading Mongoose functionality","timestamp":"9:15:07 AM"}
{"level":"info","message":"Loading models","timestamp":"9:15:07 AM"}
{"level":"info","message":"Mongoose connected to the database","timestamp":"9:15:07 AM"}
{"level":"info","message":"Request from ::1","timestamp":"9:15:13 AM"}
{"level":"error","message":"ReferenceError: user is not defined\n    at C:\\Users\\~\\Documents\\ToDo\\Server\\app\\controllers\\todos.js:55:9\n    at Layer.handle [as handle_request] (C:\\Users\\~\\Documents\\ToDo\\node_modules\\express\\lib\\router\\layer.js:95:5)\n    at next (C:\\Users\\~\\Documents\\ToDo\\node_modules\\express\\lib\\router\\route.js:137:13)\n    at Route.dispatch (C:\\Users\\~\\Documents\\ToDo\\node_modules\\express\\lib\\router\\route.js:112:3)\n    at Layer.handle [as handle_request] (C:\\Users\\~\\Documents\\ToDo\\node_modules\\express\\lib\\router\\layer.js:95:5)\n    at C:\\Users\\~\\Documents\\ToDo\\node_modules\\express\\lib\\router\\index.js:281:22\n    at Function.process_params (C:\\Users\\~\\Documents\\ToDo\\node_modules\\express\\lib\\router\\index.js:335:12)\n    at next (C:\\Users\\~\\Documents\\ToDo\\node_modules\\express\\lib\\router\\index.js:275:10)\n    at Function.handle (C:\\Users\\~\\Documents\\ToDo\\node_modules\\express\\lib\\router\\index.js:174:3)\n    at router (C:\\Users\\~\\Documents\\ToDo\\node_modules\\express\\lib\\router\\index.js:47:12)\n    at Layer.handle [as handle_request] (C:\\Users\\~\\Documents\\ToDo\\node_modules\\express\\lib\\router\\layer.js:95:5)\n    at trim_prefix (C:\\Users\\~\\Documents\\ToDo\\node_modules\\express\\lib\\router\\index.js:317:13)\n    at C:\\Users\\~\\Documents\\ToDo\\node_modules\\express\\lib\\router\\index.js:284:7\n    at Function.process_params (C:\\Users\\~\\Documents\\ToDo\\node_modules\\express\\lib\\router\\index.js:335:12)\n    at next (C:\\Users\\~\\Documents\\ToDo\\node_modules\\express\\lib\\router\\index.js:275:10)\n    at urlencodedParser (C:\\Users\\~\\Documents\\ToDo\\node_modules\\body-parser\\lib\\types\\urlencoded.js:82:7)\n    at Layer.handle [as handle_request] (C:\\Users\\~\\Documents\\ToDo\\node_modules\\express\\lib\\router\\layer.js:95:5)\n    at trim_prefix (C:\\Users\\~\\Documents\\ToDo\\node_modules\\express\\lib\\router\\index.js:317:13)\n    at C:\\Users\\~\\Documents\\ToDo\\node_modules\\express\\lib\\router\\index.js:284:7\n    at Function.process_params (C:\\Users\\~\\Documents\\ToDo\\node_modules\\express\\lib\\router\\index.js:335:12)\n    at next (C:\\Users\\~\\Documents\\ToDo\\node_modules\\express\\lib\\router\\index.js:275:10)\n    at C:\\Users\\~\\Documents\\ToDo\\node_modules\\body-parser\\lib\\read.js:130:5","timestamp":"9:15:13 AM"}
{"level":"info","message":"Loading Mongoose functionality","timestamp":"9:18:10 AM"}
{"level":"info","message":"Loading models","timestamp":"9:18:10 AM"}
{"level":"info","message":"Mongoose connected to the database","timestamp":"9:18:11 AM"}
{"level":"info","message":"Request from ::1","timestamp":"9:18:20 AM"}
{"level":"error","message":"ReferenceError: user is not defined\n    at C:\\Users\\~\\Documents\\ToDo\\Server\\app\\controllers\\todos.js:55:9\n    at Layer.handle [as handle_request] (C:\\Users\\~\\Documents\\ToDo\\node_modules\\express\\lib\\router\\layer.js:95:5)\n    at next (C:\\Users\\~\\Documents\\ToDo\\node_modules\\express\\lib\\router\\route.js:137:13)\n    at Route.dispatch (C:\\Users\\~\\Documents\\ToDo\\node_modules\\express\\lib\\router\\route.js:112:3)\n    at Layer.handle [as handle_request] (C:\\Users\\~\\Documents\\ToDo\\node_modules\\express\\lib\\router\\layer.js:95:5)\n    at C:\\Users\\~\\Documents\\ToDo\\node_modules\\express\\lib\\router\\index.js:281:22\n    at Function.process_params (C:\\Users\\~\\Documents\\ToDo\\node_modules\\express\\lib\\router\\index.js:335:12)\n    at next (C:\\Users\\~\\Documents\\ToDo\\node_modules\\express\\lib\\router\\index.js:275:10)\n    at Function.handle (C:\\Users\\~\\Documents\\ToDo\\node_modules\\express\\lib\\router\\index.js:174:3)\n    at router (C:\\Users\\~\\Documents\\ToDo\\node_modules\\express\\lib\\router\\index.js:47:12)\n    at Layer.handle [as handle_request] (C:\\Users\\~\\Documents\\ToDo\\node_modules\\express\\lib\\router\\layer.js:95:5)\n    at trim_prefix (C:\\Users\\~\\Documents\\ToDo\\node_modules\\express\\lib\\router\\index.js:317:13)\n    at C:\\Users\\~\\Documents\\ToDo\\node_modules\\express\\lib\\router\\index.js:284:7\n    at Function.process_params (C:\\Users\\~\\Documents\\ToDo\\node_modules\\express\\lib\\router\\index.js:335:12)\n    at next (C:\\Users\\~\\Documents\\ToDo\\node_modules\\express\\lib\\router\\index.js:275:10)\n    at urlencodedParser (C:\\Users\\~\\Documents\\ToDo\\node_modules\\body-parser\\lib\\types\\urlencoded.js:82:7)\n    at Layer.handle [as handle_request] (C:\\Users\\~\\Documents\\ToDo\\node_modules\\express\\lib\\router\\layer.js:95:5)\n    at trim_prefix (C:\\Users\\~\\Documents\\ToDo\\node_modules\\express\\lib\\router\\index.js:317:13)\n    at C:\\Users\\~\\Documents\\ToDo\\node_modules\\express\\lib\\router\\index.js:284:7\n    at Function.process_params (C:\\Users\\~\\Documents\\ToDo\\node_modules\\express\\lib\\router\\index.js:335:12)\n    at next (C:\\Users\\~\\Documents\\ToDo\\node_modules\\express\\lib\\router\\index.js:275:10)\n    at C:\\Users\\~\\Documents\\ToDo\\node_modules\\body-parser\\lib\\read.js:130:5","timestamp":"9:18:20 AM"}
{"level":"info","message":"Request from ::1","timestamp":"9:18:37 AM"}
{"level":"error","message":"ReferenceError: user is not defined\n    at C:\\Users\\~\\Documents\\ToDo\\Server\\app\\controllers\\todos.js:55:9\n    at Layer.handle [as handle_request] (C:\\Users\\~\\Documents\\ToDo\\node_modules\\express\\lib\\router\\layer.js:95:5)\n    at next (C:\\Users\\~\\Documents\\ToDo\\node_modules\\express\\lib\\router\\route.js:137:13)\n    at Route.dispatch (C:\\Users\\~\\Documents\\ToDo\\node_modules\\express\\lib\\router\\route.js:112:3)\n    at Layer.handle [as handle_request] (C:\\Users\\~\\Documents\\ToDo\\node_modules\\express\\lib\\router\\layer.js:95:5)\n    at C:\\Users\\~\\Documents\\ToDo\\node_modules\\express\\lib\\router\\index.js:281:22\n    at Function.process_params (C:\\Users\\~\\Documents\\ToDo\\node_modules\\express\\lib\\router\\index.js:335:12)\n    at next (C:\\Users\\~\\Documents\\ToDo\\node_modules\\express\\lib\\router\\index.js:275:10)\n    at Function.handle (C:\\Users\\~\\Documents\\ToDo\\node_modules\\express\\lib\\router\\index.js:174:3)\n    at router (C:\\Users\\~\\Documents\\ToDo\\node_modules\\express\\lib\\router\\index.js:47:12)\n    at Layer.handle [as handle_request] (C:\\Users\\~\\Documents\\ToDo\\node_modules\\express\\lib\\router\\layer.js:95:5)\n    at trim_prefix (C:\\Users\\~\\Documents\\ToDo\\node_modules\\express\\lib\\router\\index.js:317:13)\n    at C:\\Users\\~\\Documents\\ToDo\\node_modules\\express\\lib\\router\\index.js:284:7\n    at Function.process_params (C:\\Users\\~\\Documents\\ToDo\\node_modules\\express\\lib\\router\\index.js:335:12)\n    at next (C:\\Users\\~\\Documents\\ToDo\\node_modules\\express\\lib\\router\\index.js:275:10)\n    at urlencodedParser (C:\\Users\\~\\Documents\\ToDo\\node_modules\\body-parser\\lib\\types\\urlencoded.js:82:7)\n    at Layer.handle [as handle_request] (C:\\Users\\~\\Documents\\ToDo\\node_modules\\express\\lib\\router\\layer.js:95:5)\n    at trim_prefix (C:\\Users\\~\\Documents\\ToDo\\node_modules\\express\\lib\\router\\index.js:317:13)\n    at C:\\Users\\~\\Documents\\ToDo\\node_modules\\express\\lib\\router\\index.js:284:7\n    at Function.process_params (C:\\Users\\~\\Documents\\ToDo\\node_modules\\express\\lib\\router\\index.js:335:12)\n    at next (C:\\Users\\~\\Documents\\ToDo\\node_modules\\express\\lib\\router\\index.js:275:10)\n    at C:\\Users\\~\\Documents\\ToDo\\node_modules\\body-parser\\lib\\read.js:130:5","timestamp":"9:18:38 AM"}
{"level":"info","message":"Loading Mongoose functionality","timestamp":"9:19:35 AM"}
{"level":"info","message":"Loading models","timestamp":"9:19:35 AM"}
{"level":"info","message":"Mongoose connected to the database","timestamp":"9:19:35 AM"}
{"level":"info","message":"Request from ::1","timestamp":"9:19:39 AM"}
{"level":"error","message":"ValidationError: user: Path `user` is required.\n    at MongooseError.ValidationError (C:\\Users\\~\\Documents\\ToDo\\node_modules\\mongoose\\lib\\error\\validation.js:28:11)\n    at model.Document.invalidate (C:\\Users\\~\\Documents\\ToDo\\node_modules\\mongoose\\lib\\document.js:1666:32)\n    at C:\\Users\\~\\Documents\\ToDo\\node_modules\\mongoose\\lib\\document.js:1538:17\n    at validate (C:\\Users\\~\\Documents\\ToDo\\node_modules\\mongoose\\lib\\schematype.js:784:7)\n    at C:\\Users\\~\\Documents\\ToDo\\node_modules\\mongoose\\lib\\schematype.js:829:11\n    at Array.forEach (native)\n    at ObjectId.SchemaType.doValidate (C:\\Users\\~\\Documents\\ToDo\\node_modules\\mongoose\\lib\\schematype.js:789:19)\n    at C:\\Users\\~\\Documents\\ToDo\\node_modules\\mongoose\\lib\\document.js:1536:9\n    at _combinedTickCallback (internal/process/next_tick.js:73:7)\n    at process._tickCallback (internal/process/next_tick.js:104:9)\nFrom previous event:\n    at model.wrappedPointCut [as save] (C:\\Users\\~\\Documents\\ToDo\\node_modules\\mongoose\\lib\\services\\model\\applyHooks.js:139:23)\n    at C:\\Users\\~\\Documents\\ToDo\\Server\\app\\controllers\\todos.js:55:14\n    at Layer.handle [as handle_request] (C:\\Users\\~\\Documents\\ToDo\\node_modules\\express\\lib\\router\\layer.js:95:5)\n    at next (C:\\Users\\~\\Documents\\ToDo\\node_modules\\express\\lib\\router\\route.js:137:13)\n    at Route.dispatch (C:\\Users\\~\\Documents\\ToDo\\node_modules\\express\\lib\\router\\route.js:112:3)\n    at Layer.handle [as handle_request] (C:\\Users\\~\\Documents\\ToDo\\node_modules\\express\\lib\\router\\layer.js:95:5)\n    at C:\\Users\\~\\Documents\\ToDo\\node_modules\\express\\lib\\router\\index.js:281:22\n    at Function.process_params (C:\\Users\\~\\Documents\\ToDo\\node_modules\\express\\lib\\router\\index.js:335:12)\n    at next (C:\\Users\\~\\Documents\\ToDo\\node_modules\\express\\lib\\router\\index.js:275:10)\n    at Function.handle (C:\\Users\\~\\Documents\\ToDo\\node_modules\\express\\lib\\router\\index.js:174:3)\n    at router (C:\\Users\\~\\Documents\\ToDo\\node_modules\\express\\lib\\router\\index.js:47:12)\n    at Layer.handle [as handle_request] (C:\\Users\\~\\Documents\\ToDo\\node_modules\\express\\lib\\router\\layer.js:95:5)\n    at trim_prefix (C:\\Users\\~\\Documents\\ToDo\\node_modules\\express\\lib\\router\\index.js:317:13)\n    at C:\\Users\\~\\Documents\\ToDo\\node_modules\\express\\lib\\router\\index.js:284:7\n    at Function.process_params (C:\\Users\\~\\Documents\\ToDo\\node_modules\\express\\lib\\router\\index.js:335:12)\n    at next (C:\\Users\\~\\Documents\\ToDo\\node_modules\\express\\lib\\router\\index.js:275:10)\n    at urlencodedParser (C:\\Users\\~\\Documents\\ToDo\\node_modules\\body-parser\\lib\\types\\urlencoded.js:82:7)\n    at Layer.handle [as handle_request] (C:\\Users\\~\\Documents\\ToDo\\node_modules\\express\\lib\\router\\layer.js:95:5)\n    at trim_prefix (C:\\Users\\~\\Documents\\ToDo\\node_modules\\express\\lib\\router\\index.js:317:13)\n    at C:\\Users\\~\\Documents\\ToDo\\node_modules\\express\\lib\\router\\index.js:284:7\n    at Function.process_params (C:\\Users\\~\\Documents\\ToDo\\node_modules\\express\\lib\\router\\index.js:335:12)\n    at next (C:\\Users\\~\\Documents\\ToDo\\node_modules\\express\\lib\\router\\index.js:275:10)\n    at C:\\Users\\~\\Documents\\ToDo\\node_modules\\body-parser\\lib\\read.js:130:5\n    at invokeCallback (C:\\Users\\~\\Documents\\ToDo\\node_modules\\raw-body\\index.js:224:16)\n    at done (C:\\Users\\~\\Documents\\ToDo\\node_modules\\raw-body\\index.js:213:7)","timestamp":"9:19:39 AM"}
{"level":"info","message":"Request from ::1","timestamp":"9:20:18 AM"}
{"level":"verbose","message":"Get all todos for 5a29da3dec0cde269cab88fc","timestamp":"9:20:18 AM"}
{"level":"info","message":"Request from ::1","timestamp":"9:20:26 AM"}
{"level":"info","message":"Request from ::1","timestamp":"9:21:22 AM"}
{"level":"verbose","message":"Get all todos for 5a29da3dec0cde269cab88fc","timestamp":"9:21:22 AM"}
{"level":"info","message":"Request from ::1","timestamp":"9:21:29 AM"}
{"level":"verbose","message":"Get all todos for 5a29da3dec0cde269cab88fc","timestamp":"9:21:29 AM"}
{"level":"info","message":"Request from ::1","timestamp":"9:21:34 AM"}
{"level":"verbose","message":"Get all todos for 5a29da3dec0cde269cab88fc","timestamp":"9:21:34 AM"}
{"level":"info","message":"Request from ::1","timestamp":"9:21:43 AM"}
{"level":"verbose","message":"Get all todos for 5a29da3dec0cde269cab88fc","timestamp":"9:21:43 AM"}
{"level":"info","message":"Request from ::1","timestamp":"9:21:50 AM"}
{"level":"info","message":"Request from ::1","timestamp":"9:21:53 AM"}
{"level":"info","message":"Request from ::1","timestamp":"9:24:27 AM"}
{"level":"info","message":"Request from ::1","timestamp":"9:25:01 AM"}
{"level":"error","message":"","timestamp":"9:25:01 AM"}
{"level":"info","message":"Request from ::1","timestamp":"9:25:07 AM"}
{"level":"info","message":"Request from ::1","timestamp":"9:25:07 AM"}
{"level":"verbose","message":"Get all todos for 5a29c97f6045a32c48618d87","timestamp":"9:25:07 AM"}
{"level":"info","message":"Request from ::1","timestamp":"9:25:17 AM"}
{"level":"info","message":"Request from ::1","timestamp":"9:25:25 AM"}
{"level":"info","message":"Request from ::1","timestamp":"9:25:34 AM"}
{"level":"info","message":"Loading Mongoose functionality","timestamp":"9:33:04 AM"}
{"level":"info","message":"Loading models","timestamp":"9:33:04 AM"}
{"level":"info","message":"Mongoose connected to the database","timestamp":"9:33:04 AM"}
{"level":"info","message":"Loading Mongoose functionality","timestamp":"9:34:01 AM"}
{"level":"info","message":"Loading models","timestamp":"9:34:01 AM"}
{"level":"info","message":"Mongoose connected to the database","timestamp":"9:34:01 AM"}
{"level":"info","message":"Loading Mongoose functionality","timestamp":"9:34:14 AM"}
{"level":"info","message":"Loading models","timestamp":"9:34:14 AM"}
{"level":"info","message":"Mongoose connected to the database","timestamp":"9:34:14 AM"}
{"level":"info","message":"Loading Mongoose functionality","timestamp":"9:34:22 AM"}
{"level":"info","message":"Loading models","timestamp":"9:34:22 AM"}
{"level":"info","message":"Mongoose connected to the database","timestamp":"9:34:22 AM"}
{"level":"info","message":"Request from ::1","timestamp":"9:34:30 AM"}
{"level":"verbose","message":"Get all todos for 5a29c97f6045a32c48618d87","timestamp":"9:34:30 AM"}
{"level":"info","message":"Request from ::1","timestamp":"9:34:39 AM"}
{"level":"info","message":"Request from ::1","timestamp":"9:34:39 AM"}
{"level":"verbose","message":"Get all todos for 5a29da3dec0cde269cab88fc","timestamp":"9:34:39 AM"}
{"level":"info","message":"Request from ::1","timestamp":"9:35:59 AM"}
{"level":"verbose","message":"Get all todos for 5a29da3dec0cde269cab88fc","timestamp":"9:35:59 AM"}
{"level":"info","message":"Request from ::1","timestamp":"9:36:05 AM"}
{"level":"info","message":"Request from ::1","timestamp":"9:36:05 AM"}
{"level":"verbose","message":"Get all todos for 5a29da3dec0cde269cab88fc","timestamp":"9:36:05 AM"}
{"level":"info","message":"Request from ::1","timestamp":"9:36:15 AM"}
{"level":"error","message":"ValidationError: todo: Path `todo` is required.\n    at MongooseError.ValidationError (C:\\Users\\~\\Documents\\ToDo\\node_modules\\mongoose\\lib\\error\\validation.js:28:11)\n    at model.Document.invalidate (C:\\Users\\~\\Documents\\ToDo\\node_modules\\mongoose\\lib\\document.js:1666:32)\n    at C:\\Users\\~\\Documents\\ToDo\\node_modules\\mongoose\\lib\\document.js:1538:17\n    at validate (C:\\Users\\~\\Documents\\ToDo\\node_modules\\mongoose\\lib\\schematype.js:784:7)\n    at C:\\Users\\~\\Documents\\ToDo\\node_modules\\mongoose\\lib\\schematype.js:829:11\n    at Array.forEach (native)\n    at SchemaString.SchemaType.doValidate (C:\\Users\\~\\Documents\\ToDo\\node_modules\\mongoose\\lib\\schematype.js:789:19)\n    at C:\\Users\\~\\Documents\\ToDo\\node_modules\\mongoose\\lib\\document.js:1536:9\n    at _combinedTickCallback (internal/process/next_tick.js:73:7)\n    at process._tickCallback (internal/process/next_tick.js:104:9)\nFrom previous event:\n    at model.wrappedPointCut [as save] (C:\\Users\\~\\Documents\\ToDo\\node_modules\\mongoose\\lib\\services\\model\\applyHooks.js:139:23)\n    at C:\\Users\\~\\Documents\\ToDo\\Server\\app\\controllers\\todos.js:55:14\n    at Layer.handle [as handle_request] (C:\\Users\\~\\Documents\\ToDo\\node_modules\\express\\lib\\router\\layer.js:95:5)\n    at next (C:\\Users\\~\\Documents\\ToDo\\node_modules\\express\\lib\\router\\route.js:137:13)\n    at Route.dispatch (C:\\Users\\~\\Documents\\ToDo\\node_modules\\express\\lib\\router\\route.js:112:3)\n    at Layer.handle [as handle_request] (C:\\Users\\~\\Documents\\ToDo\\node_modules\\express\\lib\\router\\layer.js:95:5)\n    at C:\\Users\\~\\Documents\\ToDo\\node_modules\\express\\lib\\router\\index.js:281:22\n    at Function.process_params (C:\\Users\\~\\Documents\\ToDo\\node_modules\\express\\lib\\router\\index.js:335:12)\n    at next (C:\\Users\\~\\Documents\\ToDo\\node_modules\\express\\lib\\router\\index.js:275:10)\n    at Function.handle (C:\\Users\\~\\Documents\\ToDo\\node_modules\\express\\lib\\router\\index.js:174:3)\n    at router (C:\\Users\\~\\Documents\\ToDo\\node_modules\\express\\lib\\router\\index.js:47:12)\n    at Layer.handle [as handle_request] (C:\\Users\\~\\Documents\\ToDo\\node_modules\\express\\lib\\router\\layer.js:95:5)\n    at trim_prefix (C:\\Users\\~\\Documents\\ToDo\\node_modules\\express\\lib\\router\\index.js:317:13)\n    at C:\\Users\\~\\Documents\\ToDo\\node_modules\\express\\lib\\router\\index.js:284:7\n    at Function.process_params (C:\\Users\\~\\Documents\\ToDo\\node_modules\\express\\lib\\router\\index.js:335:12)\n    at next (C:\\Users\\~\\Documents\\ToDo\\node_modules\\express\\lib\\router\\index.js:275:10)\n    at urlencodedParser (C:\\Users\\~\\Documents\\ToDo\\node_modules\\body-parser\\lib\\types\\urlencoded.js:82:7)\n    at Layer.handle [as handle_request] (C:\\Users\\~\\Documents\\ToDo\\node_modules\\express\\lib\\router\\layer.js:95:5)\n    at trim_prefix (C:\\Users\\~\\Documents\\ToDo\\node_modules\\express\\lib\\router\\index.js:317:13)\n    at C:\\Users\\~\\Documents\\ToDo\\node_modules\\express\\lib\\router\\index.js:284:7\n    at Function.process_params (C:\\Users\\~\\Documents\\ToDo\\node_modules\\express\\lib\\router\\index.js:335:12)\n    at next (C:\\Users\\~\\Documents\\ToDo\\node_modules\\express\\lib\\router\\index.js:275:10)\n    at C:\\Users\\~\\Documents\\ToDo\\node_modules\\body-parser\\lib\\read.js:130:5\n    at invokeCallback (C:\\Users\\~\\Documents\\ToDo\\node_modules\\raw-body\\index.js:224:16)\n    at done (C:\\Users\\~\\Documents\\ToDo\\node_modules\\raw-body\\index.js:213:7)","timestamp":"9:36:15 AM"}
{"level":"info","message":"Request from ::1","timestamp":"9:39:10 AM"}
{"level":"error","message":"ValidationError: todo: Path `todo` is required.\n    at MongooseError.ValidationError (C:\\Users\\~\\Documents\\ToDo\\node_modules\\mongoose\\lib\\error\\validation.js:28:11)\n    at model.Document.invalidate (C:\\Users\\~\\Documents\\ToDo\\node_modules\\mongoose\\lib\\document.js:1666:32)\n    at C:\\Users\\~\\Documents\\ToDo\\node_modules\\mongoose\\lib\\document.js:1538:17\n    at validate (C:\\Users\\~\\Documents\\ToDo\\node_modules\\mongoose\\lib\\schematype.js:784:7)\n    at C:\\Users\\~\\Documents\\ToDo\\node_modules\\mongoose\\lib\\schematype.js:829:11\n    at Array.forEach (native)\n    at SchemaString.SchemaType.doValidate (C:\\Users\\~\\Documents\\ToDo\\node_modules\\mongoose\\lib\\schematype.js:789:19)\n    at C:\\Users\\~\\Documents\\ToDo\\node_modules\\mongoose\\lib\\document.js:1536:9\n    at _combinedTickCallback (internal/process/next_tick.js:73:7)\n    at process._tickCallback (internal/process/next_tick.js:104:9)\nFrom previous event:\n    at model.wrappedPointCut [as save] (C:\\Users\\~\\Documents\\ToDo\\node_modules\\mongoose\\lib\\services\\model\\applyHooks.js:139:23)\n    at C:\\Users\\~\\Documents\\ToDo\\Server\\app\\controllers\\todos.js:55:14\n    at Layer.handle [as handle_request] (C:\\Users\\~\\Documents\\ToDo\\node_modules\\express\\lib\\router\\layer.js:95:5)\n    at next (C:\\Users\\~\\Documents\\ToDo\\node_modules\\express\\lib\\router\\route.js:137:13)\n    at Route.dispatch (C:\\Users\\~\\Documents\\ToDo\\node_modules\\express\\lib\\router\\route.js:112:3)\n    at Layer.handle [as handle_request] (C:\\Users\\~\\Documents\\ToDo\\node_modules\\express\\lib\\router\\layer.js:95:5)\n    at C:\\Users\\~\\Documents\\ToDo\\node_modules\\express\\lib\\router\\index.js:281:22\n    at Function.process_params (C:\\Users\\~\\Documents\\ToDo\\node_modules\\express\\lib\\router\\index.js:335:12)\n    at next (C:\\Users\\~\\Documents\\ToDo\\node_modules\\express\\lib\\router\\index.js:275:10)\n    at Function.handle (C:\\Users\\~\\Documents\\ToDo\\node_modules\\express\\lib\\router\\index.js:174:3)\n    at router (C:\\Users\\~\\Documents\\ToDo\\node_modules\\express\\lib\\router\\index.js:47:12)\n    at Layer.handle [as handle_request] (C:\\Users\\~\\Documents\\ToDo\\node_modules\\express\\lib\\router\\layer.js:95:5)\n    at trim_prefix (C:\\Users\\~\\Documents\\ToDo\\node_modules\\express\\lib\\router\\index.js:317:13)\n    at C:\\Users\\~\\Documents\\ToDo\\node_modules\\express\\lib\\router\\index.js:284:7\n    at Function.process_params (C:\\Users\\~\\Documents\\ToDo\\node_modules\\express\\lib\\router\\index.js:335:12)\n    at next (C:\\Users\\~\\Documents\\ToDo\\node_modules\\express\\lib\\router\\index.js:275:10)\n    at urlencodedParser (C:\\Users\\~\\Documents\\ToDo\\node_modules\\body-parser\\lib\\types\\urlencoded.js:82:7)\n    at Layer.handle [as handle_request] (C:\\Users\\~\\Documents\\ToDo\\node_modules\\express\\lib\\router\\layer.js:95:5)\n    at trim_prefix (C:\\Users\\~\\Documents\\ToDo\\node_modules\\express\\lib\\router\\index.js:317:13)\n    at C:\\Users\\~\\Documents\\ToDo\\node_modules\\express\\lib\\router\\index.js:284:7\n    at Function.process_params (C:\\Users\\~\\Documents\\ToDo\\node_modules\\express\\lib\\router\\index.js:335:12)\n    at next (C:\\Users\\~\\Documents\\ToDo\\node_modules\\express\\lib\\router\\index.js:275:10)\n    at C:\\Users\\~\\Documents\\ToDo\\node_modules\\body-parser\\lib\\read.js:130:5\n    at invokeCallback (C:\\Users\\~\\Documents\\ToDo\\node_modules\\raw-body\\index.js:224:16)\n    at done (C:\\Users\\~\\Documents\\ToDo\\node_modules\\raw-body\\index.js:213:7)","timestamp":"9:39:10 AM"}
{"level":"info","message":"Request from ::1","timestamp":"9:41:26 AM"}
{"level":"verbose","message":"Get all todos for 5a29da3dec0cde269cab88fc","timestamp":"9:41:26 AM"}
{"level":"info","message":"Request from ::1","timestamp":"9:41:35 AM"}
{"level":"info","message":"Request from ::1","timestamp":"9:42:13 AM"}
{"level":"info","message":"Request from ::1","timestamp":"9:42:32 AM"}
{"level":"info","message":"Request from ::1","timestamp":"9:43:52 AM"}
{"level":"verbose","message":"Get all todos for 5a29da3dec0cde269cab88fc","timestamp":"9:43:52 AM"}
{"level":"info","message":"Request from ::1","timestamp":"9:43:54 AM"}
{"level":"verbose","message":"Get all todos for 5a29da3dec0cde269cab88fc","timestamp":"9:43:54 AM"}
{"level":"info","message":"Request from ::1","timestamp":"9:44:15 AM"}
{"level":"verbose","message":"Get all todos for 5a29da3dec0cde269cab88fc","timestamp":"9:44:15 AM"}
{"level":"info","message":"Request from ::1","timestamp":"9:44:43 AM"}
{"level":"verbose","message":"Get all todos for 5a29da3dec0cde269cab88fc","timestamp":"9:44:43 AM"}
{"level":"info","message":"Request from ::1","timestamp":"9:44:47 AM"}
{"level":"verbose","message":"Get all todos for 5a29da3dec0cde269cab88fc","timestamp":"9:44:47 AM"}
{"level":"info","message":"Request from ::1","timestamp":"9:44:48 AM"}
{"level":"verbose","message":"Get all todos for 5a29da3dec0cde269cab88fc","timestamp":"9:44:48 AM"}
{"level":"info","message":"Request from ::1","timestamp":"9:45:12 AM"}
{"level":"verbose","message":"Get all todos for 5a29da3dec0cde269cab88fc","timestamp":"9:45:12 AM"}
{"level":"info","message":"Request from ::1","timestamp":"9:45:13 AM"}
{"level":"verbose","message":"Get all todos for 5a29da3dec0cde269cab88fc","timestamp":"9:45:13 AM"}
{"level":"info","message":"Request from ::1","timestamp":"9:45:37 AM"}
{"level":"verbose","message":"Get all todos for 5a29da3dec0cde269cab88fc","timestamp":"9:45:37 AM"}
{"level":"info","message":"Request from ::1","timestamp":"9:45:55 AM"}
{"level":"verbose","message":"Get all todos for 5a29da3dec0cde269cab88fc","timestamp":"9:45:55 AM"}
{"level":"info","message":"Request from ::1","timestamp":"9:45:56 AM"}
{"level":"verbose","message":"Get all todos for 5a29da3dec0cde269cab88fc","timestamp":"9:45:56 AM"}
{"level":"info","message":"Loading Mongoose functionality","timestamp":"9:46:31 AM"}
{"level":"info","message":"Loading models","timestamp":"9:46:31 AM"}
{"level":"info","message":"Mongoose connected to the database","timestamp":"9:46:31 AM"}
{"level":"info","message":"Request from ::1","timestamp":"9:46:47 AM"}
{"level":"info","message":"Request from ::1","timestamp":"9:46:47 AM"}
{"level":"info","message":"Request from ::1","timestamp":"9:47:20 AM"}
{"level":"info","message":"Request from ::1","timestamp":"9:47:20 AM"}
{"level":"verbose","message":"Get all todos for 5a29da3dec0cde269cab88fc","timestamp":"9:47:20 AM"}
{"level":"info","message":"Request from ::1","timestamp":"9:47:22 AM"}
{"level":"info","message":"Loading Mongoose functionality","timestamp":"9:53:21 AM"}
{"level":"info","message":"Loading models","timestamp":"9:53:21 AM"}
{"level":"info","message":"Mongoose connected to the database","timestamp":"9:53:21 AM"}
{"level":"info","message":"Loading Mongoose functionality","timestamp":"9:53:26 AM"}
{"level":"info","message":"Loading models","timestamp":"9:53:26 AM"}
{"level":"info","message":"Mongoose connected to the database","timestamp":"9:53:27 AM"}
{"level":"info","message":"Loading Mongoose functionality","timestamp":"9:53:31 AM"}
{"level":"info","message":"Loading models","timestamp":"9:53:31 AM"}
{"level":"info","message":"Mongoose connected to the database","timestamp":"9:53:31 AM"}
{"level":"info","message":"Loading Mongoose functionality","timestamp":"9:55:33 AM"}
{"level":"info","message":"Loading models","timestamp":"9:55:33 AM"}
{"level":"info","message":"Mongoose connected to the database","timestamp":"9:55:33 AM"}
{"level":"info","message":"Loading Mongoose functionality","timestamp":"9:56:43 AM"}
{"level":"info","message":"Loading models","timestamp":"9:56:43 AM"}
{"level":"info","message":"Mongoose connected to the database","timestamp":"9:56:44 AM"}
{"level":"info","message":"Loading Mongoose functionality","timestamp":"9:57:09 AM"}
{"level":"info","message":"Loading models","timestamp":"9:57:09 AM"}
{"level":"info","message":"Mongoose connected to the database","timestamp":"9:57:09 AM"}
{"level":"info","message":"Loading Mongoose functionality","timestamp":"9:57:18 AM"}
{"level":"info","message":"Loading models","timestamp":"9:57:18 AM"}
{"level":"info","message":"Mongoose connected to the database","timestamp":"9:57:18 AM"}
{"level":"info","message":"Loading Mongoose functionality","timestamp":"9:57:21 AM"}
{"level":"info","message":"Loading models","timestamp":"9:57:21 AM"}
{"level":"info","message":"Mongoose connected to the database","timestamp":"9:57:21 AM"}
{"level":"info","message":"Loading Mongoose functionality","timestamp":"9:57:33 AM"}
{"level":"info","message":"Loading models","timestamp":"9:57:33 AM"}
{"level":"info","message":"Mongoose connected to the database","timestamp":"9:57:33 AM"}
{"level":"info","message":"Request from ::1","timestamp":"9:57:45 AM"}
{"level":"verbose","message":"Get all todos for 5a29da3dec0cde269cab88fc","timestamp":"9:57:45 AM"}
{"level":"info","message":"Request from ::1","timestamp":"9:57:54 AM"}
{"level":"info","message":"Request from ::1","timestamp":"9:58:01 AM"}
{"level":"info","message":"Request from ::1","timestamp":"9:58:03 AM"}
{"level":"info","message":"Request from ::1","timestamp":"9:58:03 AM"}
{"level":"info","message":"Request from ::1","timestamp":"9:58:04 AM"}
{"level":"info","message":"Request from ::1","timestamp":"9:58:11 AM"}
{"level":"info","message":"Loading Mongoose functionality","timestamp":"10:01:13 AM"}
{"level":"info","message":"Loading models","timestamp":"10:01:13 AM"}
{"level":"info","message":"Mongoose connected to the database","timestamp":"10:01:13 AM"}
{"level":"info","message":"Request from ::1","timestamp":"10:01:25 AM"}
{"level":"info","message":"Request from ::1","timestamp":"10:01:35 AM"}
{"level":"info","message":"Loading Mongoose functionality","timestamp":"10:02:20 AM"}
{"level":"info","message":"Loading models","timestamp":"10:02:20 AM"}
{"level":"info","message":"Mongoose connected to the database","timestamp":"10:02:20 AM"}
{"level":"info","message":"Request from ::1","timestamp":"10:02:25 AM"}
{"level":"verbose","message":"Get all todos for 5a29da3dec0cde269cab88fc","timestamp":"10:02:25 AM"}
{"level":"info","message":"Request from ::1","timestamp":"10:02:32 AM"}
{"level":"info","message":"Request from ::1","timestamp":"10:03:03 AM"}
{"level":"info","message":"Request from ::1","timestamp":"10:03:08 AM"}
{"level":"info","message":"Request from ::1","timestamp":"10:03:08 AM"}
{"level":"verbose","message":"Get all todos for 5a29da3dec0cde269cab88fc","timestamp":"10:03:08 AM"}
{"level":"info","message":"Request from ::1","timestamp":"10:03:13 AM"}
{"level":"verbose","message":"Delete todo undefined","timestamp":"10:03:13 AM"}
{"level":"info","message":"Request from ::1","timestamp":"10:03:14 AM"}
{"level":"verbose","message":"Delete todo undefined","timestamp":"10:03:14 AM"}
{"level":"info","message":"Loading Mongoose functionality","timestamp":"10:06:27 AM"}
{"level":"info","message":"Loading models","timestamp":"10:06:28 AM"}
{"level":"info","message":"Mongoose connected to the database","timestamp":"10:06:28 AM"}
{"level":"info","message":"Request from ::1","timestamp":"10:06:33 AM"}
{"level":"info","message":"Request from ::1","timestamp":"10:06:49 AM"}
{"level":"verbose","message":"Get all todos for 5a29da3dec0cde269cab88fc","timestamp":"10:06:49 AM"}
{"level":"info","message":"Request from ::1","timestamp":"10:06:53 AM"}
{"level":"info","message":"Request from ::1","timestamp":"10:07:44 AM"}
{"level":"info","message":"Request from ::1","timestamp":"10:07:45 AM"}
{"level":"verbose","message":"Get all todos for 5a29da3dec0cde269cab88fc","timestamp":"10:07:45 AM"}
{"level":"info","message":"Request from ::1","timestamp":"10:07:46 AM"}
{"level":"info","message":"Request from ::1","timestamp":"10:11:29 AM"}
{"level":"info","message":"Request from ::1","timestamp":"10:12:20 AM"}
{"level":"info","message":"Request from ::1","timestamp":"10:13:19 AM"}
{"level":"info","message":"Loading Mongoose functionality","timestamp":"10:15:50 AM"}
{"level":"info","message":"Loading models","timestamp":"10:15:50 AM"}
{"level":"info","message":"Mongoose connected to the database","timestamp":"10:15:50 AM"}
{"level":"info","message":"Request from ::1","timestamp":"10:15:56 AM"}
{"level":"verbose","message":"Get all todos for 5a29da3dec0cde269cab88fc","timestamp":"10:15:56 AM"}
{"level":"info","message":"Request from ::1","timestamp":"10:15:59 AM"}
{"level":"info","message":"Request from ::1","timestamp":"10:16:10 AM"}
{"level":"info","message":"Request from ::1","timestamp":"10:16:10 AM"}
{"level":"verbose","message":"Get all todos for 5a29da3dec0cde269cab88fc","timestamp":"10:16:10 AM"}
{"level":"info","message":"Request from ::1","timestamp":"10:16:11 AM"}
{"level":"info","message":"Loading Mongoose functionality","timestamp":"10:16:39 AM"}
{"level":"info","message":"Loading models","timestamp":"10:16:39 AM"}
{"level":"info","message":"Mongoose connected to the database","timestamp":"10:16:40 AM"}
{"level":"info","message":"Request from ::1","timestamp":"10:16:55 AM"}
{"level":"info","message":"Request from ::1","timestamp":"10:16:55 AM"}
{"level":"info","message":"Request from ::1","timestamp":"10:17:00 AM"}
{"level":"info","message":"Request from ::1","timestamp":"10:17:21 AM"}
{"level":"info","message":"Request from ::1","timestamp":"10:17:33 AM"}
{"level":"info","message":"Request from ::1","timestamp":"10:17:33 AM"}
{"level":"verbose","message":"Get all todos for 5a29da3dec0cde269cab88fc","timestamp":"10:17:33 AM"}
{"level":"info","message":"Request from ::1","timestamp":"10:17:35 AM"}
{"level":"info","message":"Request from ::1","timestamp":"10:17:45 AM"}
{"level":"info","message":"Request from ::1","timestamp":"10:17:46 AM"}
{"level":"info","message":"Request from ::1","timestamp":"10:18:22 AM"}
{"level":"verbose","message":"Get all todos for 5a29da3dec0cde269cab88fc","timestamp":"10:18:22 AM"}
{"level":"info","message":"Request from ::1","timestamp":"10:18:26 AM"}
{"level":"info","message":"Request from ::1","timestamp":"10:18:53 AM"}
